<?xml version="1.0" encoding="UTF-8"?>
<testng-results skipped="0" failed="0" ignored="0" total="2" passed="2">
  <reporter-output>
  </reporter-output>
  <suite name="Default suite" duration-ms="38" started-at="2023-08-24T06:01:48Z" finished-at="2023-08-24T06:01:48Z">
    <groups>
    </groups>
    <test name="Default test" duration-ms="38" started-at="2023-08-24T06:01:48Z" finished-at="2023-08-24T06:01:48Z">
      <class name="testNGCases.Case3">
        <test-method status="PASS" signature="m1()[pri:0, instance:testNGCases.Case3@e45f292]" name="m1" duration-ms="11" started-at="2023-08-24T06:01:48Z" finished-at="2023-08-24T06:01:48Z">
          <reporter-output>
          </reporter-output>
        </test-method> <!-- m1 -->
        <test-method status="PASS" signature="m2()[pri:0, instance:testNGCases.Case3@e45f292]" name="m2" duration-ms="1" started-at="2023-08-24T06:01:48Z" finished-at="2023-08-24T06:01:48Z">
          <reporter-output>
          </reporter-output>
        </test-method> <!-- m2 -->
      </class> <!-- testNGCases.Case3 -->
    </test> <!-- Default test -->
  </suite> <!-- Default suite -->
</testng-results>
